0    [main] INFO  com.unicorn.gateway.server.GatewayServer  - Loaded default gateway properties .... 
0    [main] INFO  com.unicorn.gateway.server.GatewayServer  - Initialising server .... 
0    [main] INFO  com.unicorn.gateway.server.GatewayServer  - Reading properties file .... 
20   [main] INFO  com.unicorn.gateway.process.LoadProperties  - Setting parameters .... 
40   [main] INFO  com.unicorn.gateway.process.LoadProperties  - IP-Address : 192.168.2.154
40   [main] INFO  com.unicorn.gateway.process.LoadProperties  - Port : 7029
40   [main] INFO  com.unicorn.gateway.process.LoadProperties  - Password : cash55
40   [main] INFO  com.unicorn.gateway.process.LoadProperties  - Ton : 0
40   [main] INFO  com.unicorn.gateway.process.LoadProperties  - Npi : 0
40   [main] INFO  com.unicorn.gateway.process.LoadProperties  - Soutce Ton 5
40   [main] INFO  com.unicorn.gateway.process.LoadProperties  - Soutce Npi 9
40   [main] INFO  com.unicorn.gateway.process.LoadProperties  - Dest Ton 1
40   [main] INFO  com.unicorn.gateway.process.LoadProperties  - Dest Npi 1
40   [main] INFO  com.unicorn.gateway.process.LoadProperties  - System ID : Money
40   [main] INFO  com.unicorn.gateway.process.LoadProperties  - System Type : null
40   [main] INFO  com.unicorn.gateway.process.LoadProperties  - Service Type : null
40   [main] INFO  com.unicorn.gateway.process.LoadProperties  - Bind Mode : t
40   [main] INFO  com.unicorn.gateway.process.LoadProperties  - Receive Timeout : 300000000
40   [main] INFO  com.unicorn.gateway.process.LoadProperties  - Async : true
40   [main] INFO  com.unicorn.gateway.server.GatewayServer  - Properties file loaded from .... E:\PropertyFiles\smpptestportal.properties
40   [main] INFO  com.unicorn.gateway.server.GatewayServer  - Starting binding thread ..... 
80   [main] INFO  com.unicorn.gateway.server.GatewayServer  - Gateway initialising .... 
90   [Thread-0] INFO  com.unicorn.gateway.process.BindGateway  - Starting binding process .... 
90   [main] INFO  com.unicorn.gateway.server.GatewayServer  - Listening for request ..... 6000
90   [main] INFO  com.unicorn.gateway.server.GatewayServer  - Server started ....
90   [main] INFO  com.unicorn.gateway.server.GatewayServer  - Initialising Message Queue ... 
100  [main] INFO  com.unicorn.gateway.server.GatewayServer  - Initialising request spooler .... 
100  [main] INFO  com.unicorn.gateway.queue.MessageProcessor  - Starting a Message Processor with id 0
100  [main] INFO  com.unicorn.gateway.queue.MessageProcessor  - Starting a Message Processor with id 1
100  [main] INFO  com.unicorn.gateway.queue.MessageProcessor  - Starting a Message Processor with id 2
100  [main] INFO  com.unicorn.gateway.queue.MessageProcessor  - Starting a Message Processor with id 3
100  [main] INFO  com.unicorn.gateway.queue.MessageProcessor  - Starting a Message Processor with id 4
110  [main] INFO  com.unicorn.gateway.server.GatewayServer  - Initialising response queue .... 
110  [main] INFO  com.unicorn.gateway.server.GatewayServer  - Starting message listener .... 
110  [Thread-6] INFO  com.unicorn.gateway.process.ServerProcess  - Waiting for connections .... 
130  [Thread-0] INFO  com.unicorn.gateway.process.BindGateway  - Connecting to 192.168.2.154 and port 7029
140  [Thread-0] INFO  com.unicorn.gateway.process.BindGateway  - Connection : com.logica.smpp.TCPIPConnection@578088c0
140  [Thread-0] INFO  com.unicorn.gateway.process.BindGateway  - com.logica.smpp.pdu.AddressRange@37922221
140  [Thread-0] INFO  com.unicorn.gateway.process.BindGateway  - Money
140  [Thread-0] INFO  com.unicorn.gateway.process.BindGateway  - 
140  [Thread-0] INFO  com.unicorn.gateway.process.BindGateway  - cash55
140  [Thread-0] INFO  com.unicorn.gateway.process.BindGateway  - Bind Option : t
140  [Thread-0] INFO  com.unicorn.gateway.process.BindGateway  - Request : (bindreq: (pdu: 0 2 0 [1]) Money cash55 null 52 (addrrang: 0 0 null) ) 
150  [Thread-0] INFO  com.unicorn.gateway.process.BindGateway  - Asychronous binding ... Please wait ... 
